<?xml version="1.0" encoding="UTF-8"?>
<!-- Generated by org.testng.reporters.JUnitReportReporter -->
<testsuite skipped="0" hostname="Saqueeb-Ali" name="VIDEO.OTT.OTTVideoplaybackAndroidTest" tests="1" failures="0" timestamp="22 Dec 2021 12:41:32 GMT" time="62.383" errors="0">
  <testcase name="androidTestOutput" time="62.383" classname="VIDEO.OTT.OTTVideoplaybackAndroidTest"/>
</testsuite> <!-- VIDEO.OTT.OTTVideoplaybackAndroidTest -->
