<?xml version="1.0" encoding="UTF-8"?>
<!-- Generated by org.testng.reporters.JUnitReportReporter -->
<testsuite skipped="0" hostname="Saqueeb-Ali" name="VIDEO.OTT.OTTVideoplaybackTest" tests="1" failures="0" timestamp="22 Dec 2021 14:21:40 GMT" time="199.982" errors="0">
  <testcase name="OTTVideoTesting" time="199.982" classname="VIDEO.OTT.OTTVideoplaybackTest"/>
</testsuite> <!-- VIDEO.OTT.OTTVideoplaybackTest -->
